0 info it worked if it ends with ok
1 verbose cli [ 'C:\\Program Files (x86)\\nodejs\\\\node.exe',
1 verbose cli   'C:\\Program Files (x86)\\nodejs\\node_modules\\npm\\bin\\npm-cli.js',
1 verbose cli   'install',
1 verbose cli   'grunt_cli',
1 verbose cli   '-g' ]
2 info using npm@1.4.28
3 info using node@v0.10.33
4 verbose node symlink C:\Program Files (x86)\nodejs\\node.exe
5 verbose cache add [ 'grunt_cli', null ]
6 verbose cache add name=undefined spec="grunt_cli" args=["grunt_cli",null]
7 verbose parsed url { protocol: null,
7 verbose parsed url   slashes: null,
7 verbose parsed url   auth: null,
7 verbose parsed url   host: null,
7 verbose parsed url   port: null,
7 verbose parsed url   hostname: null,
7 verbose parsed url   hash: null,
7 verbose parsed url   search: null,
7 verbose parsed url   query: null,
7 verbose parsed url   pathname: 'grunt_cli',
7 verbose parsed url   path: 'grunt_cli',
7 verbose parsed url   href: 'grunt_cli' }
8 silly lockFile 8691ef22-grunt-cli grunt_cli
9 verbose lock grunt_cli C:\Users\Administrator\AppData\Roaming\npm-cache\8691ef22-grunt-cli.lock
10 silly lockFile 8691ef22-grunt-cli grunt_cli
11 silly lockFile 8691ef22-grunt-cli grunt_cli
12 verbose addNamed [ 'grunt_cli', '' ]
13 verbose addNamed [ null, '*' ]
14 silly lockFile 856f08e2-grunt-cli grunt_cli@
15 verbose lock grunt_cli@ C:\Users\Administrator\AppData\Roaming\npm-cache\856f08e2-grunt-cli.lock
16 silly addNameRange { name: 'grunt_cli', range: '*', hasData: false }
17 verbose request where is /grunt_cli
18 verbose request registry https://registry.npmjs.org/
19 verbose request id 3e9778b8e1b630b4
20 verbose url raw /grunt_cli
21 verbose url resolving [ 'https://registry.npmjs.org/', './grunt_cli' ]
22 verbose url resolved https://registry.npmjs.org/grunt_cli
23 verbose request where is https://registry.npmjs.org/grunt_cli
24 info trying registry request attempt 1 at 11:16:57
25 http GET https://registry.npmjs.org/grunt_cli
26 http 404 https://registry.npmjs.org/grunt_cli
27 verbose headers { server: 'CouchDB/1.5.0 (Erlang OTP/R16B03)',
27 verbose headers   'content-type': 'application/json',
27 verbose headers   'cache-control': 'max-age=0',
27 verbose headers   'content-length': '51',
27 verbose headers   'accept-ranges': 'bytes',
27 verbose headers   date: 'Fri, 24 Apr 2015 15:16:52 GMT',
27 verbose headers   via: '1.1 varnish',
27 verbose headers   age: '0',
27 verbose headers   connection: 'keep-alive',
27 verbose headers   'x-served-by': 'cache-atl6228-ATL',
27 verbose headers   'x-cache': 'MISS',
27 verbose headers   'x-cache-hits': '0',
27 verbose headers   'x-timer': 'S1429888612.839791,VS0,VE79' }
28 silly registry.get cb [ 404,
28 silly registry.get   { server: 'CouchDB/1.5.0 (Erlang OTP/R16B03)',
28 silly registry.get     'content-type': 'application/json',
28 silly registry.get     'cache-control': 'max-age=0',
28 silly registry.get     'content-length': '51',
28 silly registry.get     'accept-ranges': 'bytes',
28 silly registry.get     date: 'Fri, 24 Apr 2015 15:16:52 GMT',
28 silly registry.get     via: '1.1 varnish',
28 silly registry.get     age: '0',
28 silly registry.get     connection: 'keep-alive',
28 silly registry.get     'x-served-by': 'cache-atl6228-ATL',
28 silly registry.get     'x-cache': 'MISS',
28 silly registry.get     'x-cache-hits': '0',
28 silly registry.get     'x-timer': 'S1429888612.839791,VS0,VE79' } ]
29 silly lockFile 856f08e2-grunt-cli grunt_cli@
30 silly lockFile 856f08e2-grunt-cli grunt_cli@
31 error 404 404 Not Found: grunt_cli
31 error 404
31 error 404 'grunt_cli' is not in the npm registry.
31 error 404 You should bug the author to publish it
31 error 404
31 error 404 Note that you can also install from a
31 error 404 tarball, folder, or http url, or git url.
32 error System Windows_NT 6.2.9200
33 error command "C:\\Program Files (x86)\\nodejs\\\\node.exe" "C:\\Program Files (x86)\\nodejs\\node_modules\\npm\\bin\\npm-cli.js" "install" "grunt_cli" "-g"
34 error cwd C:\MVC6Recipes\MVC6Recipes\chapter09\Recipe01\src\Recipe01.Web
35 error node -v v0.10.33
36 error npm -v 1.4.28
37 error code E404
38 verbose exit [ 1, true ]
